2024-11-28 15:59:33 - DroneLogger - INFO - Logger initialized.
2024-11-28 15:59:33 - DroneLogger - DEBUG - EventBus initialized.
2024-11-28 15:59:33 - DroneLogger - ERROR - Failed to start MAVLink connection: [Errno 2] could not open port /dev/ttyUSB0: [Errno 2] No such file or directory: '/dev/ttyUSB0'
2024-11-28 15:59:33 - DroneLogger - INFO - MAVLink router started on /dev/ttyUSB0 at 57600 baud.
2024-11-28 15:59:33 - DroneLogger - DEBUG - Waiting for MAVLink connection...
2024-11-28 15:59:34 - DroneLogger - DEBUG - Waiting for MAVLink connection...
2024-11-28 15:59:35 - DroneLogger - DEBUG - Waiting for MAVLink connection...
2024-11-28 15:59:36 - DroneLogger - DEBUG - Waiting for MAVLink connection...
2024-11-28 15:59:37 - DroneLogger - DEBUG - Waiting for MAVLink connection...
2024-11-28 15:59:38 - DroneLogger - DEBUG - Waiting for MAVLink connection...
2024-11-28 15:59:39 - DroneLogger - DEBUG - Waiting for MAVLink connection...
2024-11-28 15:59:40 - DroneLogger - DEBUG - Waiting for MAVLink connection...
2024-11-28 15:59:41 - DroneLogger - DEBUG - Waiting for MAVLink connection...
2024-11-28 15:59:42 - DroneLogger - DEBUG - Waiting for MAVLink connection...
2024-11-28 15:59:43 - DroneLogger - ERROR - MAVLink connection could not be established within timeout.
2024-11-28 15:59:43 - DroneLogger - ERROR - An unexpected error occurred: Failed to establish MAVLink connection.
Traceback (most recent call last):
  File "/local/ndaimm/nd-aimm/nd-aimm-drone/main.py", line 208, in run
    self.initialize_components()
  File "/local/ndaimm/nd-aimm/nd-aimm-drone/main.py", line 90, in initialize_components
    raise ConnectionError("Failed to establish MAVLink connection.")
ConnectionError: Failed to establish MAVLink connection.
2024-11-28 15:59:43 - DroneLogger - INFO - Commencing cleanup.
2024-11-28 15:59:56 - DroneLogger - INFO - Logger initialized.
2024-11-28 15:59:56 - DroneLogger - DEBUG - EventBus initialized.
2024-11-28 15:59:56 - DroneLogger - ERROR - Failed to start MAVLink connection: [Errno 2] could not open port /dev/ttyUSB0: [Errno 2] No such file or directory: '/dev/ttyUSB0'
2024-11-28 15:59:56 - DroneLogger - DEBUG - MAVLink router attenmpt on /dev/ttyUSB0 at 57600 baud.
2024-11-28 15:59:56 - DroneLogger - DEBUG - Waiting for MAVLink connection...
2024-11-28 15:59:57 - DroneLogger - DEBUG - Waiting for MAVLink connection...
2024-11-28 15:59:58 - DroneLogger - DEBUG - Waiting for MAVLink connection...
2024-11-28 15:59:59 - DroneLogger - DEBUG - Waiting for MAVLink connection...
2024-11-28 16:00:00 - DroneLogger - DEBUG - Waiting for MAVLink connection...
2024-11-28 16:00:01 - DroneLogger - DEBUG - Waiting for MAVLink connection...
2024-11-28 16:00:02 - DroneLogger - DEBUG - Waiting for MAVLink connection...
2024-11-28 16:00:03 - DroneLogger - DEBUG - Waiting for MAVLink connection...
2024-11-28 16:00:04 - DroneLogger - DEBUG - Waiting for MAVLink connection...
2024-11-28 16:00:05 - DroneLogger - DEBUG - Waiting for MAVLink connection...
2024-11-28 16:00:06 - DroneLogger - ERROR - MAVLink connection could not be established within timeout.
2024-11-28 16:00:06 - DroneLogger - ERROR - An unexpected error occurred: Failed to establish MAVLink connection.
Traceback (most recent call last):
  File "/local/ndaimm/nd-aimm/nd-aimm-drone/main.py", line 208, in run
    self.initialize_components()
  File "/local/ndaimm/nd-aimm/nd-aimm-drone/main.py", line 90, in initialize_components
    raise ConnectionError("Failed to establish MAVLink connection.")
ConnectionError: Failed to establish MAVLink connection.
2024-11-28 16:00:06 - DroneLogger - INFO - Commencing cleanup.
2024-11-28 16:00:39 - DroneLogger - INFO - Logger initialized.
2024-11-28 16:00:39 - DroneLogger - DEBUG - EventBus initialized.
2024-11-28 16:00:39 - DroneLogger - ERROR - Failed to start MAVLink connection: [Errno 2] could not open port /dev/ttyUSB0: [Errno 2] No such file or directory: '/dev/ttyUSB0'
2024-11-28 16:00:39 - DroneLogger - DEBUG - MAVLink router attempt on /dev/ttyUSB0 at 57600 baud.
2024-11-28 16:00:39 - DroneLogger - DEBUG - Waiting for MAVLink connection...
2024-11-28 16:00:40 - DroneLogger - DEBUG - Waiting for MAVLink connection...
2024-11-28 16:00:41 - DroneLogger - DEBUG - Waiting for MAVLink connection...
2024-11-28 16:00:42 - DroneLogger - DEBUG - Waiting for MAVLink connection...
2024-11-28 16:00:43 - DroneLogger - DEBUG - Waiting for MAVLink connection...
2024-11-28 16:00:44 - DroneLogger - DEBUG - Waiting for MAVLink connection...
2024-11-28 16:00:45 - DroneLogger - DEBUG - Waiting for MAVLink connection...
2024-11-28 16:00:46 - DroneLogger - DEBUG - Waiting for MAVLink connection...
2024-11-28 16:00:46 - DroneLogger - INFO - Commencing cleanup.
2024-11-28 16:10:01 - DroneLogger - INFO - Logger initialized.
2024-11-28 16:10:01 - DroneLogger - DEBUG - EventBus initialized.
2024-11-28 16:10:01 - DroneLogger - ERROR - Failed to start MAVLink connection: [Errno 2] could not open port /dev/ttyUSB0: [Errno 2] No such file or directory: '/dev/ttyUSB0'
2024-11-28 16:10:01 - DroneLogger - DEBUG - MAVLink router attempt on /dev/ttyUSB0 at 57600 baud.
2024-11-28 16:10:01 - DroneLogger - DEBUG - Waiting for MAVLink connection...
2024-11-28 16:10:02 - DroneLogger - DEBUG - Waiting for MAVLink connection...
2024-11-28 16:10:03 - DroneLogger - DEBUG - Waiting for MAVLink connection...
2024-11-28 16:10:04 - DroneLogger - DEBUG - Waiting for MAVLink connection...
2024-11-28 16:10:05 - DroneLogger - DEBUG - Waiting for MAVLink connection...
2024-11-28 16:10:06 - DroneLogger - DEBUG - Waiting for MAVLink connection...
2024-11-28 16:10:07 - DroneLogger - DEBUG - Waiting for MAVLink connection...
2024-11-28 16:10:08 - DroneLogger - DEBUG - Waiting for MAVLink connection...
2024-11-28 16:10:09 - DroneLogger - DEBUG - Waiting for MAVLink connection...
2024-11-28 16:10:10 - DroneLogger - DEBUG - Waiting for MAVLink connection...
2024-11-28 16:10:11 - DroneLogger - ERROR - MAVLink connection could not be established within timeout.
2024-11-28 16:10:11 - DroneLogger - ERROR - An unexpected error occurred: Failed to establish MAVLink connection.
Traceback (most recent call last):
  File "/local/ndaimm/nd-aimm/nd-aimm-drone/main.py", line 208, in run
    self.initialize_components()
  File "/local/ndaimm/nd-aimm/nd-aimm-drone/main.py", line 90, in initialize_components
    raise ConnectionError("Failed to establish MAVLink connection.")
ConnectionError: Failed to establish MAVLink connection.
2024-11-28 16:10:11 - DroneLogger - INFO - Commencing cleanup.
